--2017-09-24 14:39:41--  http://www.cnblogs.com/cobbliu/archive/2012/09/04/2670178.html
正在解析主机 www.cnblogs.com (www.cnblogs.com)... 101.37.225.58
正在连接 www.cnblogs.com (www.cnblogs.com)|101.37.225.58|:80... 已连接。
已发出 HTTP 请求，正在等待回应... 200 OK
长度：82084 (80K) [text/html]
正在保存至: “/home/feng/Git/RDServer/static/a.html”

     0K .......... .......... .......... .......... .......... 62% 1.45M 0s
    50K .......... .......... ..........                      100% 1.61M=0.05s

2017-09-24 14:39:51 (1.51 MB/s) - 已保存 “/home/feng/Git/RDServer/static/a.html” [82084/82084])

--2017-09-24 14:40:47--  https://www.douban.com/note/277146395/
正在解析主机 www.douban.com (www.douban.com)... 115.182.201.6, 115.182.201.8, 115.182.201.7
正在连接 www.douban.com (www.douban.com)|115.182.201.6|:443... 已连接。
已发出 HTTP 请求，正在等待回应... 200 OK
长度：未指定 [text/html]
正在保存至: “/home/feng/Git/RDServer/static/b.html”

     0K .......... .......... .......... ........              11.2M=0.003s

2017-09-24 14:40:48 (11.2 MB/s) - “/home/feng/Git/RDServer/static/b.html” 已保存 [38954]

--2017-09-24 14:51:35--  http://www.cnblogs.com/cobbliu/archive/2012/09/04/2670178.html
正在解析主机 www.cnblogs.com (www.cnblogs.com)... 101.37.225.58
正在连接 www.cnblogs.com (www.cnblogs.com)|101.37.225.58|:80... 已连接。
已发出 HTTP 请求，正在等待回应... 200 OK
长度：82084 (80K) [text/html]
正在保存至: “/home/feng/Git/RDServer/static/a.html”

     0K .......... .......... .......... .......... .......... 62% 1.26M 0s
    50K .......... .......... ..........                      100% 1.35M=0.06s

2017-09-24 14:51:50 (1.29 MB/s) - 已保存 “/home/feng/Git/RDServer/static/a.html” [82084/82084])

--2017-09-24 14:52:19--  http://www.divcss5.com/html/h389.shtml
正在解析主机 www.divcss5.com (www.divcss5.com)... 107.181.241.75
正在连接 www.divcss5.com (www.divcss5.com)|107.181.241.75|:80... 已连接。
已发出 HTTP 请求，正在等待回应... 200 OK
长度：28964 (28K) [text/html]
正在保存至: “/home/feng/Git/RDServer/static/b.html”

     0K .......... .......... ........                        100% 49.6K=0.6s

2017-09-24 14:52:21 (49.6 KB/s) - 已保存 “/home/feng/Git/RDServer/static/b.html” [28964/28964])

--2017-09-24 15:15:39--  http://blog.csdn.net/danchu/article/details/50737871
正在解析主机 blog.csdn.net (blog.csdn.net)... 47.95.49.160
正在连接 blog.csdn.net (blog.csdn.net)|47.95.49.160|:80... 已连接。
已发出 HTTP 请求，正在等待回应... 200 OK
长度：52230 (51K) [text/html]
正在保存至: “/home/feng/Git/RDServer/static/a.html”

     0K .......... .......... .......... .......... .......... 98%  691K 0s
    50K .                                                     100% 1919G=0.07s

2017-09-24 15:15:39 (705 KB/s) - 已保存 “/home/feng/Git/RDServer/static/a.html” [52230/52230])

--2017-09-24 15:16:04--  http://www.runoob.com/python/python-tutorial.html
正在解析主机 www.runoob.com (www.runoob.com)... 101.226.181.106
正在连接 www.runoob.com (www.runoob.com)|101.226.181.106|:80... 已连接。
已发出 HTTP 请求，正在等待回应... 200 OK
长度：14020 (14K) [text/html]
正在保存至: “/home/feng/Git/RDServer/static/test.html”

     0K .......... ...                                        100% 3.54M=0.004s

2017-09-24 15:16:04 (3.54 MB/s) - 已保存 “/home/feng/Git/RDServer/static/test.html” [14020/14020])

--2017-09-24 15:17:27--  http://sw.bos.baidu.com/sw-search-sp/software/3756358c42c34/npp_7.5.1_Installer.exe
正在解析主机 sw.bos.baidu.com (sw.bos.baidu.com)... 180.163.198.47
正在连接 sw.bos.baidu.com (sw.bos.baidu.com)|180.163.198.47|:80... 已连接。
已发出 HTTP 请求，正在等待回应... 200 OK
长度：2885168 (2.8M) [application/octet-stream]
正在保存至: “/home/feng/Git/RDServer/static/a.exe”

     0K .......... .......... .......... .......... ..........  1% 2.12M 1s
    50K .......... .......... .......... .......... ..........  3% 6.47M 1s
   100K .......... .......... .......... .......... ..........  5% 3.70M 1s
   150K .......... .......... .......... .......... ..........  7% 6.98M 1s
   200K .......... .......... .......... .......... ..........  8% 7.04M 1s
   250K .......... .......... .......... .......... .......... 10% 4.06M 1s
   300K .......... .......... .......... .......... .......... 12% 7.16M 1s
   350K .......... .......... .......... .......... .......... 14% 6.80M 1s
   400K .......... .......... .......... .......... .......... 15% 7.59M 0s
   450K .......... .......... .......... .......... .......... 17% 7.76M 0s
   500K .......... .......... .......... .......... .......... 19% 3.71M 0s
   550K .......... .......... .......... .......... .......... 21% 6.76M 0s
   600K .......... .......... .......... .......... .......... 23% 7.64M 0s
   650K .......... .......... .......... .......... .......... 24% 4.64M 0s
   700K .......... .......... .......... .......... .......... 26% 2.71M 0s
   750K .......... .......... .......... .......... .......... 28% 6.94M 0s
   800K .......... .......... .......... .......... .......... 30% 7.34M 0s
   850K .......... .......... .......... .......... .......... 31% 5.75M 0s
   900K .......... .......... .......... .......... .......... 33% 3.80M 0s
   950K .......... .......... .......... .......... .......... 35% 7.27M 0s
  1000K .......... .......... .......... .......... .......... 37% 7.09M 0s
  1050K .......... .......... .......... .......... .......... 39% 5.42M 0s
  1100K .......... .......... .......... .......... .......... 40% 7.55M 0s
  1150K .......... .......... .......... .......... .......... 42% 2.65M 0s
  1200K .......... .......... .......... .......... .......... 44% 7.56M 0s
  1250K .......... .......... .......... .......... .......... 46% 3.68M 0s
  1300K .......... .......... .......... .......... .......... 47% 6.77M 0s
  1350K .......... .......... .......... .......... .......... 49% 7.12M 0s
  1400K .......... .......... .......... .......... .......... 51% 7.76M 0s
  1450K .......... .......... .......... .......... .......... 53% 7.70M 0s
  1500K .......... .......... .......... .......... .......... 55% 3.08M 0s
  1550K .......... .......... .......... .......... .......... 56% 5.25M 0s
  1600K .......... .......... .......... .......... .......... 58% 5.28M 0s
  1650K .......... .......... .......... .......... .......... 60% 7.74M 0s
  1700K .......... .......... .......... .......... .......... 62% 2.98M 0s
  1750K .......... .......... .......... .......... .......... 63% 7.68M 0s
  1800K .......... .......... .......... .......... .......... 65% 7.69M 0s
  1850K .......... .......... .......... .......... .......... 67% 4.00M 0s
  1900K .......... .......... .......... .......... .......... 69% 2.64M 0s
  1950K .......... .......... .......... .......... .......... 70% 3.73M 0s
  2000K .......... .......... .......... .......... .......... 72% 7.69M 0s
  2050K .......... .......... .......... .......... .......... 74%  261K 0s
  2100K .......... .......... .......... .......... .......... 76%  276M 0s
  2150K .......... .......... .......... .......... .......... 78%  366M 0s
  2200K .......... .......... .......... .......... .......... 79%  374M 0s
  2250K .......... .......... .......... .......... .......... 81%  327K 0s
  2300K .......... .......... .......... .......... .......... 83% 1.67M 0s
  2350K .......... .......... .......... .......... .......... 85% 3.38M 0s
  2400K .......... .......... .......... .......... .......... 86%  739K 0s
  2450K .......... .......... .......... .......... .......... 88% 4.99M 0s
  2500K .......... .......... .......... .......... .......... 90% 6.93M 0s
  2550K .......... .......... .......... .......... .......... 92%  861K 0s
  2600K .......... .......... .......... .......... .......... 94% 3.59M 0s
  2650K .......... .......... .......... .......... .......... 95% 2.96M 0s
  2700K .......... .......... .......... .......... .......... 97% 5.57M 0s
  2750K .......... .......... .......... .......... .......... 99%  250K 0s
  2800K .......... .......                                    100% 8.53M=1.2s

2017-09-24 15:17:28 (2.35 MB/s) - 已保存 “/home/feng/Git/RDServer/static/a.exe” [2885168/2885168])

--2017-09-24 15:28:06--  https://www.baidu.com/link?url=MMQYbjdQt6vLRROqLmrLpm7b1v6-iY88pFxmoIVnaBQOn88YufVq5UM6efyChmkvBQVRyQ0CN3HVSU1ozEBWn5tCo7IW2FUCmW6H8TWqO8m&wd=&eqid=beda2d0b000199d50000000459c75bf6
正在解析主机 www.baidu.com (www.baidu.com)... 115.239.211.112, 115.239.210.27
正在连接 www.baidu.com (www.baidu.com)|115.239.211.112|:443... 已连接。
已发出 HTTP 请求，正在等待回应... 200 OK
长度：未指定 [text/html]
正在保存至: “/home/feng/Git/RDServer/static/a.exe”

     0K                                                        28.7M=0s

2017-09-24 15:28:06 (28.7 MB/s) - “/home/feng/Git/RDServer/static/a.exe” 已保存 [636]

--2017-09-24 15:28:26--  http://blog.csdn.net/danchu/article/details/50737871
正在解析主机 blog.csdn.net (blog.csdn.net)... 47.95.49.160
正在连接 blog.csdn.net (blog.csdn.net)|47.95.49.160|:80... 已连接。
已发出 HTTP 请求，正在等待回应... 200 OK
长度：52230 (51K) [text/html]
正在保存至: “/home/feng/Git/RDServer/static/e.html”

     0K .......... .......... .......... .......... .......... 98%  692K 0s
    50K .                                                     100% 1919G=0.07s

2017-09-24 15:28:32 (706 KB/s) - 已保存 “/home/feng/Git/RDServer/static/e.html” [52230/52230])

--2017-09-24 15:39:00--  http://bbs.csdn.net/topics/390790872?page=1
正在解析主机 bbs.csdn.net (bbs.csdn.net)... 101.200.29.173
正在连接 bbs.csdn.net (bbs.csdn.net)|101.200.29.173|:80... 已连接。
已发出 HTTP 请求，正在等待回应... 200 OK
长度：未指定 [text/html]
正在保存至: “/home/feng/Git/RDServer/static/test.html”

     0K .......... .......... .......... .......... ..........  768K
    50K .......... .......... .......... .......... .......... 1.62M
   100K .......... ...                                         4.56M=0.1s

2017-09-24 15:39:00 (1.13 MB/s) - “/home/feng/Git/RDServer/static/test.html” 已保存 [115984]

--2017-09-24 15:40:34--  http://bbs.csdn.net/topics/390790872?page=1
正在解析主机 bbs.csdn.net (bbs.csdn.net)... 101.200.29.173
正在连接 bbs.csdn.net (bbs.csdn.net)|101.200.29.173|:80... 已连接。
已发出 HTTP 请求，正在等待回应... 200 OK
长度：未指定 [text/html]
正在保存至: “/home/feng/Git/RDServer/static/a.html”

     0K .......... .......... .......... .......... ..........  594K
    50K .......... .......... .......... .......... ..........  733K
   100K .......... ...                                          804K=0.2s

2017-09-24 15:40:35 (671 KB/s) - “/home/feng/Git/RDServer/static/a.html” 已保存 [115984]

